find_executable: checking for pg_config... -------------------- yes

--------------------

find_header: checking for libpq-fe.h... -------------------- yes

"clang -o conftest -I/Users/abrahamstimson/.rvm/rubies/ruby-1.9.3-p362/include/ruby-1.9.1/x86_64-darwin11.4.2 -I/Users/abrahamstimson/.rvm/rubies/ruby-1.9.3-p362/include/ruby-1.9.1/ruby/backward -I/Users/abrahamstimson/.rvm/rubies/ruby-1.9.3-p362/include/ruby-1.9.1 -I. -D_XOPEN_SOURCE -D_DARWIN_C_SOURCE   -I/Users/abrahamstimson/.rvm/usr/include -I/usr/include  -O3 -ggdb -Wall -Wextra -Wno-unused-parameter -Wno-parentheses -Wno-long-long -Wno-missing-field-initializers -Wpointer-arith -Wwrite-strings -Wdeclaration-after-statement -Wshorten-64-to-32 -Wimplicit-function-declaration  -fno-common -pipe conftest.c  -L. -L/Users/abrahamstimson/.rvm/rubies/ruby-1.9.3-p362/lib -L/Users/abrahamstimson/.rvm/usr/lib -L.  -L/Users/abrahamstimson/.rvm/usr/lib  -L/usr/lib     -lruby.1.9.1  -lpthread -ldl -lobjc "
checked program was:
/* begin */
1: #include "ruby.h"
2: 
3: int main() {return 0;}
/* end */

"clang -E -I/Users/abrahamstimson/.rvm/rubies/ruby-1.9.3-p362/include/ruby-1.9.1/x86_64-darwin11.4.2 -I/Users/abrahamstimson/.rvm/rubies/ruby-1.9.3-p362/include/ruby-1.9.1/ruby/backward -I/Users/abrahamstimson/.rvm/rubies/ruby-1.9.3-p362/include/ruby-1.9.1 -I. -D_XOPEN_SOURCE -D_DARWIN_C_SOURCE   -I/Users/abrahamstimson/.rvm/usr/include -I/usr/include  -O3 -ggdb -Wall -Wextra -Wno-unused-parameter -Wno-parentheses -Wno-long-long -Wno-missing-field-initializers -Wpointer-arith -Wwrite-strings -Wdeclaration-after-statement -Wshorten-64-to-32 -Wimplicit-function-declaration  -fno-common -pipe  conftest.c -o conftest.i"
checked program was:
/* begin */
1: #include "ruby.h"
2: 
3: #include <libpq-fe.h>
/* end */

--------------------

find_header: checking for libpq/libpq-fs.h... -------------------- yes

"clang -E -I/Users/abrahamstimson/.rvm/rubies/ruby-1.9.3-p362/include/ruby-1.9.1/x86_64-darwin11.4.2 -I/Users/abrahamstimson/.rvm/rubies/ruby-1.9.3-p362/include/ruby-1.9.1/ruby/backward -I/Users/abrahamstimson/.rvm/rubies/ruby-1.9.3-p362/include/ruby-1.9.1 -I. -D_XOPEN_SOURCE -D_DARWIN_C_SOURCE   -I/Users/abrahamstimson/.rvm/usr/include -I/usr/include  -O3 -ggdb -Wall -Wextra -Wno-unused-parameter -Wno-parentheses -Wno-long-long -Wno-missing-field-initializers -Wpointer-arith -Wwrite-strings -Wdeclaration-after-statement -Wshorten-64-to-32 -Wimplicit-function-declaration  -fno-common -pipe  conftest.c -o conftest.i"
checked program was:
/* begin */
1: #include "ruby.h"
2: 
3: #include <libpq/libpq-fs.h>
/* end */

--------------------

have_library: checking for PQconnectdb() in -lpq... -------------------- yes

"clang -o conftest -I/Users/abrahamstimson/.rvm/rubies/ruby-1.9.3-p362/include/ruby-1.9.1/x86_64-darwin11.4.2 -I/Users/abrahamstimson/.rvm/rubies/ruby-1.9.3-p362/include/ruby-1.9.1/ruby/backward -I/Users/abrahamstimson/.rvm/rubies/ruby-1.9.3-p362/include/ruby-1.9.1 -I. -D_XOPEN_SOURCE -D_DARWIN_C_SOURCE   -I/Users/abrahamstimson/.rvm/usr/include -I/usr/include  -O3 -ggdb -Wall -Wextra -Wno-unused-parameter -Wno-parentheses -Wno-long-long -Wno-missing-field-initializers -Wpointer-arith -Wwrite-strings -Wdeclaration-after-statement -Wshorten-64-to-32 -Wimplicit-function-declaration  -fno-common -pipe conftest.c  -L. -L/Users/abrahamstimson/.rvm/rubies/ruby-1.9.3-p362/lib -L/Users/abrahamstimson/.rvm/usr/lib -L.  -L/Users/abrahamstimson/.rvm/usr/lib  -L/usr/lib     -lruby.1.9.1 -lpq  -lpthread -ldl -lobjc "
checked program was:
/* begin */
1: #include "ruby.h"
2: 
3: #include <libpq-fe.h>
4: 
5: /*top*/
6: int main() {return 0;}
7: int t() { void ((*volatile p)()); p = (void ((*)()))PQconnectdb; return 0; }
/* end */

--------------------

have_func: checking for PQconnectionUsedPassword()... -------------------- yes

"clang -o conftest -I/Users/abrahamstimson/.rvm/rubies/ruby-1.9.3-p362/include/ruby-1.9.1/x86_64-darwin11.4.2 -I/Users/abrahamstimson/.rvm/rubies/ruby-1.9.3-p362/include/ruby-1.9.1/ruby/backward -I/Users/abrahamstimson/.rvm/rubies/ruby-1.9.3-p362/include/ruby-1.9.1 -I. -D_XOPEN_SOURCE -D_DARWIN_C_SOURCE   -I/Users/abrahamstimson/.rvm/usr/include -I/usr/include  -O3 -ggdb -Wall -Wextra -Wno-unused-parameter -Wno-parentheses -Wno-long-long -Wno-missing-field-initializers -Wpointer-arith -Wwrite-strings -Wdeclaration-after-statement -Wshorten-64-to-32 -Wimplicit-function-declaration  -fno-common -pipe conftest.c  -L. -L/Users/abrahamstimson/.rvm/rubies/ruby-1.9.3-p362/lib -L/Users/abrahamstimson/.rvm/usr/lib -L.  -L/Users/abrahamstimson/.rvm/usr/lib  -L/usr/lib    -lpq  -lruby.1.9.1 -lpq  -lpthread -ldl -lobjc "
conftest.c:5:53: error: use of undeclared identifier 'PQconnectionUsedPassword'
int t() { void ((*volatile p)()); p = (void ((*)()))PQconnectionUsedPassword; return 0; }
                                                    ^
1 error generated.
checked program was:
/* begin */
1: #include "ruby.h"
2: 
3: /*top*/
4: int main() {return 0;}
5: int t() { void ((*volatile p)()); p = (void ((*)()))PQconnectionUsedPassword; return 0; }
/* end */

"clang -o conftest -I/Users/abrahamstimson/.rvm/rubies/ruby-1.9.3-p362/include/ruby-1.9.1/x86_64-darwin11.4.2 -I/Users/abrahamstimson/.rvm/rubies/ruby-1.9.3-p362/include/ruby-1.9.1/ruby/backward -I/Users/abrahamstimson/.rvm/rubies/ruby-1.9.3-p362/include/ruby-1.9.1 -I. -D_XOPEN_SOURCE -D_DARWIN_C_SOURCE   -I/Users/abrahamstimson/.rvm/usr/include -I/usr/include  -O3 -ggdb -Wall -Wextra -Wno-unused-parameter -Wno-parentheses -Wno-long-long -Wno-missing-field-initializers -Wpointer-arith -Wwrite-strings -Wdeclaration-after-statement -Wshorten-64-to-32 -Wimplicit-function-declaration  -fno-common -pipe conftest.c  -L. -L/Users/abrahamstimson/.rvm/rubies/ruby-1.9.3-p362/lib -L/Users/abrahamstimson/.rvm/usr/lib -L.  -L/Users/abrahamstimson/.rvm/usr/lib  -L/usr/lib    -lpq  -lruby.1.9.1 -lpq  -lpthread -ldl -lobjc "
conftest.c:5:11: warning: implicit declaration of function 'PQconnectionUsedPassword' is invalid in C99 [-Wimplicit-function-declaration]
int t() { PQconnectionUsedPassword(); return 0; }
          ^
1 warning generated.
checked program was:
/* begin */
1: #include "ruby.h"
2: 
3: /*top*/
4: int main() {return 0;}
5: int t() { PQconnectionUsedPassword(); return 0; }
/* end */

--------------------

have_func: checking for PQisthreadsafe()... -------------------- yes

"clang -o conftest -I/Users/abrahamstimson/.rvm/rubies/ruby-1.9.3-p362/include/ruby-1.9.1/x86_64-darwin11.4.2 -I/Users/abrahamstimson/.rvm/rubies/ruby-1.9.3-p362/include/ruby-1.9.1/ruby/backward -I/Users/abrahamstimson/.rvm/rubies/ruby-1.9.3-p362/include/ruby-1.9.1 -I. -D_XOPEN_SOURCE -D_DARWIN_C_SOURCE   -I/Users/abrahamstimson/.rvm/usr/include -I/usr/include  -O3 -ggdb -Wall -Wextra -Wno-unused-parameter -Wno-parentheses -Wno-long-long -Wno-missing-field-initializers -Wpointer-arith -Wwrite-strings -Wdeclaration-after-statement -Wshorten-64-to-32 -Wimplicit-function-declaration  -fno-common -pipe conftest.c  -L. -L/Users/abrahamstimson/.rvm/rubies/ruby-1.9.3-p362/lib -L/Users/abrahamstimson/.rvm/usr/lib -L.  -L/Users/abrahamstimson/.rvm/usr/lib  -L/usr/lib    -lpq  -lruby.1.9.1 -lpq  -lpthread -ldl -lobjc "
conftest.c:5:53: error: use of undeclared identifier 'PQisthreadsafe'
int t() { void ((*volatile p)()); p = (void ((*)()))PQisthreadsafe; return 0; }
                                                    ^
1 error generated.
checked program was:
/* begin */
1: #include "ruby.h"
2: 
3: /*top*/
4: int main() {return 0;}
5: int t() { void ((*volatile p)()); p = (void ((*)()))PQisthreadsafe; return 0; }
/* end */

"clang -o conftest -I/Users/abrahamstimson/.rvm/rubies/ruby-1.9.3-p362/include/ruby-1.9.1/x86_64-darwin11.4.2 -I/Users/abrahamstimson/.rvm/rubies/ruby-1.9.3-p362/include/ruby-1.9.1/ruby/backward -I/Users/abrahamstimson/.rvm/rubies/ruby-1.9.3-p362/include/ruby-1.9.1 -I. -D_XOPEN_SOURCE -D_DARWIN_C_SOURCE   -I/Users/abrahamstimson/.rvm/usr/include -I/usr/include  -O3 -ggdb -Wall -Wextra -Wno-unused-parameter -Wno-parentheses -Wno-long-long -Wno-missing-field-initializers -Wpointer-arith -Wwrite-strings -Wdeclaration-after-statement -Wshorten-64-to-32 -Wimplicit-function-declaration  -fno-common -pipe conftest.c  -L. -L/Users/abrahamstimson/.rvm/rubies/ruby-1.9.3-p362/lib -L/Users/abrahamstimson/.rvm/usr/lib -L.  -L/Users/abrahamstimson/.rvm/usr/lib  -L/usr/lib    -lpq  -lruby.1.9.1 -lpq  -lpthread -ldl -lobjc "
conftest.c:5:11: warning: implicit declaration of function 'PQisthreadsafe' is invalid in C99 [-Wimplicit-function-declaration]
int t() { PQisthreadsafe(); return 0; }
          ^
1 warning generated.
checked program was:
/* begin */
1: #include "ruby.h"
2: 
3: /*top*/
4: int main() {return 0;}
5: int t() { PQisthreadsafe(); return 0; }
/* end */

--------------------

have_func: checking for PQprepare()... -------------------- yes

"clang -o conftest -I/Users/abrahamstimson/.rvm/rubies/ruby-1.9.3-p362/include/ruby-1.9.1/x86_64-darwin11.4.2 -I/Users/abrahamstimson/.rvm/rubies/ruby-1.9.3-p362/include/ruby-1.9.1/ruby/backward -I/Users/abrahamstimson/.rvm/rubies/ruby-1.9.3-p362/include/ruby-1.9.1 -I. -D_XOPEN_SOURCE -D_DARWIN_C_SOURCE   -I/Users/abrahamstimson/.rvm/usr/include -I/usr/include  -O3 -ggdb -Wall -Wextra -Wno-unused-parameter -Wno-parentheses -Wno-long-long -Wno-missing-field-initializers -Wpointer-arith -Wwrite-strings -Wdeclaration-after-statement -Wshorten-64-to-32 -Wimplicit-function-declaration  -fno-common -pipe conftest.c  -L. -L/Users/abrahamstimson/.rvm/rubies/ruby-1.9.3-p362/lib -L/Users/abrahamstimson/.rvm/usr/lib -L.  -L/Users/abrahamstimson/.rvm/usr/lib  -L/usr/lib    -lpq  -lruby.1.9.1 -lpq  -lpthread -ldl -lobjc "
conftest.c:5:53: error: use of undeclared identifier 'PQprepare'
int t() { void ((*volatile p)()); p = (void ((*)()))PQprepare; return 0; }
                                                    ^
1 error generated.
checked program was:
/* begin */
1: #include "ruby.h"
2: 
3: /*top*/
4: int main() {return 0;}
5: int t() { void ((*volatile p)()); p = (void ((*)()))PQprepare; return 0; }
/* end */

"clang -o conftest -I/Users/abrahamstimson/.rvm/rubies/ruby-1.9.3-p362/include/ruby-1.9.1/x86_64-darwin11.4.2 -I/Users/abrahamstimson/.rvm/rubies/ruby-1.9.3-p362/include/ruby-1.9.1/ruby/backward -I/Users/abrahamstimson/.rvm/rubies/ruby-1.9.3-p362/include/ruby-1.9.1 -I. -D_XOPEN_SOURCE -D_DARWIN_C_SOURCE   -I/Users/abrahamstimson/.rvm/usr/include -I/usr/include  -O3 -ggdb -Wall -Wextra -Wno-unused-parameter -Wno-parentheses -Wno-long-long -Wno-missing-field-initializers -Wpointer-arith -Wwrite-strings -Wdeclaration-after-statement -Wshorten-64-to-32 -Wimplicit-function-declaration  -fno-common -pipe conftest.c  -L. -L/Users/abrahamstimson/.rvm/rubies/ruby-1.9.3-p362/lib -L/Users/abrahamstimson/.rvm/usr/lib -L.  -L/Users/abrahamstimson/.rvm/usr/lib  -L/usr/lib    -lpq  -lruby.1.9.1 -lpq  -lpthread -ldl -lobjc "
conftest.c:5:11: warning: implicit declaration of function 'PQprepare' is invalid in C99 [-Wimplicit-function-declaration]
int t() { PQprepare(); return 0; }
          ^
1 warning generated.
checked program was:
/* begin */
1: #include "ruby.h"
2: 
3: /*top*/
4: int main() {return 0;}
5: int t() { PQprepare(); return 0; }
/* end */

--------------------

have_func: checking for PQexecParams()... -------------------- yes

"clang -o conftest -I/Users/abrahamstimson/.rvm/rubies/ruby-1.9.3-p362/include/ruby-1.9.1/x86_64-darwin11.4.2 -I/Users/abrahamstimson/.rvm/rubies/ruby-1.9.3-p362/include/ruby-1.9.1/ruby/backward -I/Users/abrahamstimson/.rvm/rubies/ruby-1.9.3-p362/include/ruby-1.9.1 -I. -D_XOPEN_SOURCE -D_DARWIN_C_SOURCE   -I/Users/abrahamstimson/.rvm/usr/include -I/usr/include  -O3 -ggdb -Wall -Wextra -Wno-unused-parameter -Wno-parentheses -Wno-long-long -Wno-missing-field-initializers -Wpointer-arith -Wwrite-strings -Wdeclaration-after-statement -Wshorten-64-to-32 -Wimplicit-function-declaration  -fno-common -pipe conftest.c  -L. -L/Users/abrahamstimson/.rvm/rubies/ruby-1.9.3-p362/lib -L/Users/abrahamstimson/.rvm/usr/lib -L.  -L/Users/abrahamstimson/.rvm/usr/lib  -L/usr/lib    -lpq  -lruby.1.9.1 -lpq  -lpthread -ldl -lobjc "
conftest.c:5:53: error: use of undeclared identifier 'PQexecParams'
int t() { void ((*volatile p)()); p = (void ((*)()))PQexecParams; return 0; }
                                                    ^
1 error generated.
checked program was:
/* begin */
1: #include "ruby.h"
2: 
3: /*top*/
4: int main() {return 0;}
5: int t() { void ((*volatile p)()); p = (void ((*)()))PQexecParams; return 0; }
/* end */

"clang -o conftest -I/Users/abrahamstimson/.rvm/rubies/ruby-1.9.3-p362/include/ruby-1.9.1/x86_64-darwin11.4.2 -I/Users/abrahamstimson/.rvm/rubies/ruby-1.9.3-p362/include/ruby-1.9.1/ruby/backward -I/Users/abrahamstimson/.rvm/rubies/ruby-1.9.3-p362/include/ruby-1.9.1 -I. -D_XOPEN_SOURCE -D_DARWIN_C_SOURCE   -I/Users/abrahamstimson/.rvm/usr/include -I/usr/include  -O3 -ggdb -Wall -Wextra -Wno-unused-parameter -Wno-parentheses -Wno-long-long -Wno-missing-field-initializers -Wpointer-arith -Wwrite-strings -Wdeclaration-after-statement -Wshorten-64-to-32 -Wimplicit-function-declaration  -fno-common -pipe conftest.c  -L. -L/Users/abrahamstimson/.rvm/rubies/ruby-1.9.3-p362/lib -L/Users/abrahamstimson/.rvm/usr/lib -L.  -L/Users/abrahamstimson/.rvm/usr/lib  -L/usr/lib    -lpq  -lruby.1.9.1 -lpq  -lpthread -ldl -lobjc "
conftest.c:5:11: warning: implicit declaration of function 'PQexecParams' is invalid in C99 [-Wimplicit-function-declaration]
int t() { PQexecParams(); return 0; }
          ^
1 warning generated.
checked program was:
/* begin */
1: #include "ruby.h"
2: 
3: /*top*/
4: int main() {return 0;}
5: int t() { PQexecParams(); return 0; }
/* end */

--------------------

have_func: checking for PQescapeString()... -------------------- yes

"clang -o conftest -I/Users/abrahamstimson/.rvm/rubies/ruby-1.9.3-p362/include/ruby-1.9.1/x86_64-darwin11.4.2 -I/Users/abrahamstimson/.rvm/rubies/ruby-1.9.3-p362/include/ruby-1.9.1/ruby/backward -I/Users/abrahamstimson/.rvm/rubies/ruby-1.9.3-p362/include/ruby-1.9.1 -I. -D_XOPEN_SOURCE -D_DARWIN_C_SOURCE   -I/Users/abrahamstimson/.rvm/usr/include -I/usr/include  -O3 -ggdb -Wall -Wextra -Wno-unused-parameter -Wno-parentheses -Wno-long-long -Wno-missing-field-initializers -Wpointer-arith -Wwrite-strings -Wdeclaration-after-statement -Wshorten-64-to-32 -Wimplicit-function-declaration  -fno-common -pipe conftest.c  -L. -L/Users/abrahamstimson/.rvm/rubies/ruby-1.9.3-p362/lib -L/Users/abrahamstimson/.rvm/usr/lib -L.  -L/Users/abrahamstimson/.rvm/usr/lib  -L/usr/lib    -lpq  -lruby.1.9.1 -lpq  -lpthread -ldl -lobjc "
conftest.c:5:53: error: use of undeclared identifier 'PQescapeString'
int t() { void ((*volatile p)()); p = (void ((*)()))PQescapeString; return 0; }
                                                    ^
1 error generated.
checked program was:
/* begin */
1: #include "ruby.h"
2: 
3: /*top*/
4: int main() {return 0;}
5: int t() { void ((*volatile p)()); p = (void ((*)()))PQescapeString; return 0; }
/* end */

"clang -o conftest -I/Users/abrahamstimson/.rvm/rubies/ruby-1.9.3-p362/include/ruby-1.9.1/x86_64-darwin11.4.2 -I/Users/abrahamstimson/.rvm/rubies/ruby-1.9.3-p362/include/ruby-1.9.1/ruby/backward -I/Users/abrahamstimson/.rvm/rubies/ruby-1.9.3-p362/include/ruby-1.9.1 -I. -D_XOPEN_SOURCE -D_DARWIN_C_SOURCE   -I/Users/abrahamstimson/.rvm/usr/include -I/usr/include  -O3 -ggdb -Wall -Wextra -Wno-unused-parameter -Wno-parentheses -Wno-long-long -Wno-missing-field-initializers -Wpointer-arith -Wwrite-strings -Wdeclaration-after-statement -Wshorten-64-to-32 -Wimplicit-function-declaration  -fno-common -pipe conftest.c  -L. -L/Users/abrahamstimson/.rvm/rubies/ruby-1.9.3-p362/lib -L/Users/abrahamstimson/.rvm/usr/lib -L.  -L/Users/abrahamstimson/.rvm/usr/lib  -L/usr/lib    -lpq  -lruby.1.9.1 -lpq  -lpthread -ldl -lobjc "
conftest.c:5:11: warning: implicit declaration of function 'PQescapeString' is invalid in C99 [-Wimplicit-function-declaration]
int t() { PQescapeString(); return 0; }
          ^
1 warning generated.
checked program was:
/* begin */
1: #include "ruby.h"
2: 
3: /*top*/
4: int main() {return 0;}
5: int t() { PQescapeString(); return 0; }
/* end */

--------------------

have_func: checking for PQescapeStringConn()... -------------------- yes

"clang -o conftest -I/Users/abrahamstimson/.rvm/rubies/ruby-1.9.3-p362/include/ruby-1.9.1/x86_64-darwin11.4.2 -I/Users/abrahamstimson/.rvm/rubies/ruby-1.9.3-p362/include/ruby-1.9.1/ruby/backward -I/Users/abrahamstimson/.rvm/rubies/ruby-1.9.3-p362/include/ruby-1.9.1 -I. -D_XOPEN_SOURCE -D_DARWIN_C_SOURCE   -I/Users/abrahamstimson/.rvm/usr/include -I/usr/include  -O3 -ggdb -Wall -Wextra -Wno-unused-parameter -Wno-parentheses -Wno-long-long -Wno-missing-field-initializers -Wpointer-arith -Wwrite-strings -Wdeclaration-after-statement -Wshorten-64-to-32 -Wimplicit-function-declaration  -fno-common -pipe conftest.c  -L. -L/Users/abrahamstimson/.rvm/rubies/ruby-1.9.3-p362/lib -L/Users/abrahamstimson/.rvm/usr/lib -L.  -L/Users/abrahamstimson/.rvm/usr/lib  -L/usr/lib    -lpq  -lruby.1.9.1 -lpq  -lpthread -ldl -lobjc "
conftest.c:5:53: error: use of undeclared identifier 'PQescapeStringConn'
int t() { void ((*volatile p)()); p = (void ((*)()))PQescapeStringConn; return 0; }
                                                    ^
1 error generated.
checked program was:
/* begin */
1: #include "ruby.h"
2: 
3: /*top*/
4: int main() {return 0;}
5: int t() { void ((*volatile p)()); p = (void ((*)()))PQescapeStringConn; return 0; }
/* end */

"clang -o conftest -I/Users/abrahamstimson/.rvm/rubies/ruby-1.9.3-p362/include/ruby-1.9.1/x86_64-darwin11.4.2 -I/Users/abrahamstimson/.rvm/rubies/ruby-1.9.3-p362/include/ruby-1.9.1/ruby/backward -I/Users/abrahamstimson/.rvm/rubies/ruby-1.9.3-p362/include/ruby-1.9.1 -I. -D_XOPEN_SOURCE -D_DARWIN_C_SOURCE   -I/Users/abrahamstimson/.rvm/usr/include -I/usr/include  -O3 -ggdb -Wall -Wextra -Wno-unused-parameter -Wno-parentheses -Wno-long-long -Wno-missing-field-initializers -Wpointer-arith -Wwrite-strings -Wdeclaration-after-statement -Wshorten-64-to-32 -Wimplicit-function-declaration  -fno-common -pipe conftest.c  -L. -L/Users/abrahamstimson/.rvm/rubies/ruby-1.9.3-p362/lib -L/Users/abrahamstimson/.rvm/usr/lib -L.  -L/Users/abrahamstimson/.rvm/usr/lib  -L/usr/lib    -lpq  -lruby.1.9.1 -lpq  -lpthread -ldl -lobjc "
conftest.c:5:11: warning: implicit declaration of function 'PQescapeStringConn' is invalid in C99 [-Wimplicit-function-declaration]
int t() { PQescapeStringConn(); return 0; }
          ^
1 warning generated.
checked program was:
/* begin */
1: #include "ruby.h"
2: 
3: /*top*/
4: int main() {return 0;}
5: int t() { PQescapeStringConn(); return 0; }
/* end */

--------------------

have_func: checking for PQgetCancel()... -------------------- yes

"clang -o conftest -I/Users/abrahamstimson/.rvm/rubies/ruby-1.9.3-p362/include/ruby-1.9.1/x86_64-darwin11.4.2 -I/Users/abrahamstimson/.rvm/rubies/ruby-1.9.3-p362/include/ruby-1.9.1/ruby/backward -I/Users/abrahamstimson/.rvm/rubies/ruby-1.9.3-p362/include/ruby-1.9.1 -I. -D_XOPEN_SOURCE -D_DARWIN_C_SOURCE   -I/Users/abrahamstimson/.rvm/usr/include -I/usr/include  -O3 -ggdb -Wall -Wextra -Wno-unused-parameter -Wno-parentheses -Wno-long-long -Wno-missing-field-initializers -Wpointer-arith -Wwrite-strings -Wdeclaration-after-statement -Wshorten-64-to-32 -Wimplicit-function-declaration  -fno-common -pipe conftest.c  -L. -L/Users/abrahamstimson/.rvm/rubies/ruby-1.9.3-p362/lib -L/Users/abrahamstimson/.rvm/usr/lib -L.  -L/Users/abrahamstimson/.rvm/usr/lib  -L/usr/lib    -lpq  -lruby.1.9.1 -lpq  -lpthread -ldl -lobjc "
conftest.c:5:53: error: use of undeclared identifier 'PQgetCancel'
int t() { void ((*volatile p)()); p = (void ((*)()))PQgetCancel; return 0; }
                                                    ^
1 error generated.
checked program was:
/* begin */
1: #include "ruby.h"
2: 
3: /*top*/
4: int main() {return 0;}
5: int t() { void ((*volatile p)()); p = (void ((*)()))PQgetCancel; return 0; }
/* end */

"clang -o conftest -I/Users/abrahamstimson/.rvm/rubies/ruby-1.9.3-p362/include/ruby-1.9.1/x86_64-darwin11.4.2 -I/Users/abrahamstimson/.rvm/rubies/ruby-1.9.3-p362/include/ruby-1.9.1/ruby/backward -I/Users/abrahamstimson/.rvm/rubies/ruby-1.9.3-p362/include/ruby-1.9.1 -I. -D_XOPEN_SOURCE -D_DARWIN_C_SOURCE   -I/Users/abrahamstimson/.rvm/usr/include -I/usr/include  -O3 -ggdb -Wall -Wextra -Wno-unused-parameter -Wno-parentheses -Wno-long-long -Wno-missing-field-initializers -Wpointer-arith -Wwrite-strings -Wdeclaration-after-statement -Wshorten-64-to-32 -Wimplicit-function-declaration  -fno-common -pipe conftest.c  -L. -L/Users/abrahamstimson/.rvm/rubies/ruby-1.9.3-p362/lib -L/Users/abrahamstimson/.rvm/usr/lib -L.  -L/Users/abrahamstimson/.rvm/usr/lib  -L/usr/lib    -lpq  -lruby.1.9.1 -lpq  -lpthread -ldl -lobjc "
conftest.c:5:11: warning: implicit declaration of function 'PQgetCancel' is invalid in C99 [-Wimplicit-function-declaration]
int t() { PQgetCancel(); return 0; }
          ^
1 warning generated.
checked program was:
/* begin */
1: #include "ruby.h"
2: 
3: /*top*/
4: int main() {return 0;}
5: int t() { PQgetCancel(); return 0; }
/* end */

--------------------

have_func: checking for lo_create()... -------------------- yes

"clang -o conftest -I/Users/abrahamstimson/.rvm/rubies/ruby-1.9.3-p362/include/ruby-1.9.1/x86_64-darwin11.4.2 -I/Users/abrahamstimson/.rvm/rubies/ruby-1.9.3-p362/include/ruby-1.9.1/ruby/backward -I/Users/abrahamstimson/.rvm/rubies/ruby-1.9.3-p362/include/ruby-1.9.1 -I. -D_XOPEN_SOURCE -D_DARWIN_C_SOURCE   -I/Users/abrahamstimson/.rvm/usr/include -I/usr/include  -O3 -ggdb -Wall -Wextra -Wno-unused-parameter -Wno-parentheses -Wno-long-long -Wno-missing-field-initializers -Wpointer-arith -Wwrite-strings -Wdeclaration-after-statement -Wshorten-64-to-32 -Wimplicit-function-declaration  -fno-common -pipe conftest.c  -L. -L/Users/abrahamstimson/.rvm/rubies/ruby-1.9.3-p362/lib -L/Users/abrahamstimson/.rvm/usr/lib -L.  -L/Users/abrahamstimson/.rvm/usr/lib  -L/usr/lib    -lpq  -lruby.1.9.1 -lpq  -lpthread -ldl -lobjc "
conftest.c:5:53: error: use of undeclared identifier 'lo_create'
int t() { void ((*volatile p)()); p = (void ((*)()))lo_create; return 0; }
                                                    ^
1 error generated.
checked program was:
/* begin */
1: #include "ruby.h"
2: 
3: /*top*/
4: int main() {return 0;}
5: int t() { void ((*volatile p)()); p = (void ((*)()))lo_create; return 0; }
/* end */

"clang -o conftest -I/Users/abrahamstimson/.rvm/rubies/ruby-1.9.3-p362/include/ruby-1.9.1/x86_64-darwin11.4.2 -I/Users/abrahamstimson/.rvm/rubies/ruby-1.9.3-p362/include/ruby-1.9.1/ruby/backward -I/Users/abrahamstimson/.rvm/rubies/ruby-1.9.3-p362/include/ruby-1.9.1 -I. -D_XOPEN_SOURCE -D_DARWIN_C_SOURCE   -I/Users/abrahamstimson/.rvm/usr/include -I/usr/include  -O3 -ggdb -Wall -Wextra -Wno-unused-parameter -Wno-parentheses -Wno-long-long -Wno-missing-field-initializers -Wpointer-arith -Wwrite-strings -Wdeclaration-after-statement -Wshorten-64-to-32 -Wimplicit-function-declaration  -fno-common -pipe conftest.c  -L. -L/Users/abrahamstimson/.rvm/rubies/ruby-1.9.3-p362/lib -L/Users/abrahamstimson/.rvm/usr/lib -L.  -L/Users/abrahamstimson/.rvm/usr/lib  -L/usr/lib    -lpq  -lruby.1.9.1 -lpq  -lpthread -ldl -lobjc "
conftest.c:5:11: warning: implicit declaration of function 'lo_create' is invalid in C99 [-Wimplicit-function-declaration]
int t() { lo_create(); return 0; }
          ^
1 warning generated.
checked program was:
/* begin */
1: #include "ruby.h"
2: 
3: /*top*/
4: int main() {return 0;}
5: int t() { lo_create(); return 0; }
/* end */

--------------------

have_func: checking for pg_encoding_to_char()... -------------------- yes

"clang -o conftest -I/Users/abrahamstimson/.rvm/rubies/ruby-1.9.3-p362/include/ruby-1.9.1/x86_64-darwin11.4.2 -I/Users/abrahamstimson/.rvm/rubies/ruby-1.9.3-p362/include/ruby-1.9.1/ruby/backward -I/Users/abrahamstimson/.rvm/rubies/ruby-1.9.3-p362/include/ruby-1.9.1 -I. -D_XOPEN_SOURCE -D_DARWIN_C_SOURCE   -I/Users/abrahamstimson/.rvm/usr/include -I/usr/include  -O3 -ggdb -Wall -Wextra -Wno-unused-parameter -Wno-parentheses -Wno-long-long -Wno-missing-field-initializers -Wpointer-arith -Wwrite-strings -Wdeclaration-after-statement -Wshorten-64-to-32 -Wimplicit-function-declaration  -fno-common -pipe conftest.c  -L. -L/Users/abrahamstimson/.rvm/rubies/ruby-1.9.3-p362/lib -L/Users/abrahamstimson/.rvm/usr/lib -L.  -L/Users/abrahamstimson/.rvm/usr/lib  -L/usr/lib    -lpq  -lruby.1.9.1 -lpq  -lpthread -ldl -lobjc "
conftest.c:5:53: error: use of undeclared identifier 'pg_encoding_to_char'
int t() { void ((*volatile p)()); p = (void ((*)()))pg_encoding_to_char; return 0; }
                                                    ^
1 error generated.
checked program was:
/* begin */
1: #include "ruby.h"
2: 
3: /*top*/
4: int main() {return 0;}
5: int t() { void ((*volatile p)()); p = (void ((*)()))pg_encoding_to_char; return 0; }
/* end */

"clang -o conftest -I/Users/abrahamstimson/.rvm/rubies/ruby-1.9.3-p362/include/ruby-1.9.1/x86_64-darwin11.4.2 -I/Users/abrahamstimson/.rvm/rubies/ruby-1.9.3-p362/include/ruby-1.9.1/ruby/backward -I/Users/abrahamstimson/.rvm/rubies/ruby-1.9.3-p362/include/ruby-1.9.1 -I. -D_XOPEN_SOURCE -D_DARWIN_C_SOURCE   -I/Users/abrahamstimson/.rvm/usr/include -I/usr/include  -O3 -ggdb -Wall -Wextra -Wno-unused-parameter -Wno-parentheses -Wno-long-long -Wno-missing-field-initializers -Wpointer-arith -Wwrite-strings -Wdeclaration-after-statement -Wshorten-64-to-32 -Wimplicit-function-declaration  -fno-common -pipe conftest.c  -L. -L/Users/abrahamstimson/.rvm/rubies/ruby-1.9.3-p362/lib -L/Users/abrahamstimson/.rvm/usr/lib -L.  -L/Users/abrahamstimson/.rvm/usr/lib  -L/usr/lib    -lpq  -lruby.1.9.1 -lpq  -lpthread -ldl -lobjc "
conftest.c:5:11: warning: implicit declaration of function 'pg_encoding_to_char' is invalid in C99 [-Wimplicit-function-declaration]
int t() { pg_encoding_to_char(); return 0; }
          ^
1 warning generated.
checked program was:
/* begin */
1: #include "ruby.h"
2: 
3: /*top*/
4: int main() {return 0;}
5: int t() { pg_encoding_to_char(); return 0; }
/* end */

--------------------

have_func: checking for PQsetClientEncoding()... -------------------- yes

"clang -o conftest -I/Users/abrahamstimson/.rvm/rubies/ruby-1.9.3-p362/include/ruby-1.9.1/x86_64-darwin11.4.2 -I/Users/abrahamstimson/.rvm/rubies/ruby-1.9.3-p362/include/ruby-1.9.1/ruby/backward -I/Users/abrahamstimson/.rvm/rubies/ruby-1.9.3-p362/include/ruby-1.9.1 -I. -D_XOPEN_SOURCE -D_DARWIN_C_SOURCE   -I/Users/abrahamstimson/.rvm/usr/include -I/usr/include  -O3 -ggdb -Wall -Wextra -Wno-unused-parameter -Wno-parentheses -Wno-long-long -Wno-missing-field-initializers -Wpointer-arith -Wwrite-strings -Wdeclaration-after-statement -Wshorten-64-to-32 -Wimplicit-function-declaration  -fno-common -pipe conftest.c  -L. -L/Users/abrahamstimson/.rvm/rubies/ruby-1.9.3-p362/lib -L/Users/abrahamstimson/.rvm/usr/lib -L.  -L/Users/abrahamstimson/.rvm/usr/lib  -L/usr/lib    -lpq  -lruby.1.9.1 -lpq  -lpthread -ldl -lobjc "
conftest.c:5:53: error: use of undeclared identifier 'PQsetClientEncoding'
int t() { void ((*volatile p)()); p = (void ((*)()))PQsetClientEncoding; return 0; }
                                                    ^
1 error generated.
checked program was:
/* begin */
1: #include "ruby.h"
2: 
3: /*top*/
4: int main() {return 0;}
5: int t() { void ((*volatile p)()); p = (void ((*)()))PQsetClientEncoding; return 0; }
/* end */

"clang -o conftest -I/Users/abrahamstimson/.rvm/rubies/ruby-1.9.3-p362/include/ruby-1.9.1/x86_64-darwin11.4.2 -I/Users/abrahamstimson/.rvm/rubies/ruby-1.9.3-p362/include/ruby-1.9.1/ruby/backward -I/Users/abrahamstimson/.rvm/rubies/ruby-1.9.3-p362/include/ruby-1.9.1 -I. -D_XOPEN_SOURCE -D_DARWIN_C_SOURCE   -I/Users/abrahamstimson/.rvm/usr/include -I/usr/include  -O3 -ggdb -Wall -Wextra -Wno-unused-parameter -Wno-parentheses -Wno-long-long -Wno-missing-field-initializers -Wpointer-arith -Wwrite-strings -Wdeclaration-after-statement -Wshorten-64-to-32 -Wimplicit-function-declaration  -fno-common -pipe conftest.c  -L. -L/Users/abrahamstimson/.rvm/rubies/ruby-1.9.3-p362/lib -L/Users/abrahamstimson/.rvm/usr/lib -L.  -L/Users/abrahamstimson/.rvm/usr/lib  -L/usr/lib    -lpq  -lruby.1.9.1 -lpq  -lpthread -ldl -lobjc "
conftest.c:5:11: warning: implicit declaration of function 'PQsetClientEncoding' is invalid in C99 [-Wimplicit-function-declaration]
int t() { PQsetClientEncoding(); return 0; }
          ^
1 warning generated.
checked program was:
/* begin */
1: #include "ruby.h"
2: 
3: /*top*/
4: int main() {return 0;}
5: int t() { PQsetClientEncoding(); return 0; }
/* end */

--------------------

have_func: checking for rb_encdb_alias()... -------------------- yes

"clang -o conftest -I/Users/abrahamstimson/.rvm/rubies/ruby-1.9.3-p362/include/ruby-1.9.1/x86_64-darwin11.4.2 -I/Users/abrahamstimson/.rvm/rubies/ruby-1.9.3-p362/include/ruby-1.9.1/ruby/backward -I/Users/abrahamstimson/.rvm/rubies/ruby-1.9.3-p362/include/ruby-1.9.1 -I. -D_XOPEN_SOURCE -D_DARWIN_C_SOURCE   -I/Users/abrahamstimson/.rvm/usr/include -I/usr/include  -O3 -ggdb -Wall -Wextra -Wno-unused-parameter -Wno-parentheses -Wno-long-long -Wno-missing-field-initializers -Wpointer-arith -Wwrite-strings -Wdeclaration-after-statement -Wshorten-64-to-32 -Wimplicit-function-declaration  -fno-common -pipe conftest.c  -L. -L/Users/abrahamstimson/.rvm/rubies/ruby-1.9.3-p362/lib -L/Users/abrahamstimson/.rvm/usr/lib -L.  -L/Users/abrahamstimson/.rvm/usr/lib  -L/usr/lib    -lpq  -lruby.1.9.1 -lpq  -lpthread -ldl -lobjc "
conftest.c:5:53: error: use of undeclared identifier 'rb_encdb_alias'
int t() { void ((*volatile p)()); p = (void ((*)()))rb_encdb_alias; return 0; }
                                                    ^
1 error generated.
checked program was:
/* begin */
1: #include "ruby.h"
2: 
3: /*top*/
4: int main() {return 0;}
5: int t() { void ((*volatile p)()); p = (void ((*)()))rb_encdb_alias; return 0; }
/* end */

"clang -o conftest -I/Users/abrahamstimson/.rvm/rubies/ruby-1.9.3-p362/include/ruby-1.9.1/x86_64-darwin11.4.2 -I/Users/abrahamstimson/.rvm/rubies/ruby-1.9.3-p362/include/ruby-1.9.1/ruby/backward -I/Users/abrahamstimson/.rvm/rubies/ruby-1.9.3-p362/include/ruby-1.9.1 -I. -D_XOPEN_SOURCE -D_DARWIN_C_SOURCE   -I/Users/abrahamstimson/.rvm/usr/include -I/usr/include  -O3 -ggdb -Wall -Wextra -Wno-unused-parameter -Wno-parentheses -Wno-long-long -Wno-missing-field-initializers -Wpointer-arith -Wwrite-strings -Wdeclaration-after-statement -Wshorten-64-to-32 -Wimplicit-function-declaration  -fno-common -pipe conftest.c  -L. -L/Users/abrahamstimson/.rvm/rubies/ruby-1.9.3-p362/lib -L/Users/abrahamstimson/.rvm/usr/lib -L.  -L/Users/abrahamstimson/.rvm/usr/lib  -L/usr/lib    -lpq  -lruby.1.9.1 -lpq  -lpthread -ldl -lobjc "
conftest.c:5:11: warning: implicit declaration of function 'rb_encdb_alias' is invalid in C99 [-Wimplicit-function-declaration]
int t() { rb_encdb_alias(); return 0; }
          ^
1 warning generated.
checked program was:
/* begin */
1: #include "ruby.h"
2: 
3: /*top*/
4: int main() {return 0;}
5: int t() { rb_encdb_alias(); return 0; }
/* end */

--------------------

have_func: checking for rb_enc_alias()... -------------------- no

"clang -o conftest -I/Users/abrahamstimson/.rvm/rubies/ruby-1.9.3-p362/include/ruby-1.9.1/x86_64-darwin11.4.2 -I/Users/abrahamstimson/.rvm/rubies/ruby-1.9.3-p362/include/ruby-1.9.1/ruby/backward -I/Users/abrahamstimson/.rvm/rubies/ruby-1.9.3-p362/include/ruby-1.9.1 -I. -D_XOPEN_SOURCE -D_DARWIN_C_SOURCE   -I/Users/abrahamstimson/.rvm/usr/include -I/usr/include  -O3 -ggdb -Wall -Wextra -Wno-unused-parameter -Wno-parentheses -Wno-long-long -Wno-missing-field-initializers -Wpointer-arith -Wwrite-strings -Wdeclaration-after-statement -Wshorten-64-to-32 -Wimplicit-function-declaration  -fno-common -pipe conftest.c  -L. -L/Users/abrahamstimson/.rvm/rubies/ruby-1.9.3-p362/lib -L/Users/abrahamstimson/.rvm/usr/lib -L.  -L/Users/abrahamstimson/.rvm/usr/lib  -L/usr/lib    -lpq  -lruby.1.9.1 -lpq  -lpthread -ldl -lobjc "
conftest.c:5:53: error: use of undeclared identifier 'rb_enc_alias'
int t() { void ((*volatile p)()); p = (void ((*)()))rb_enc_alias; return 0; }
                                                    ^
1 error generated.
checked program was:
/* begin */
1: #include "ruby.h"
2: 
3: /*top*/
4: int main() {return 0;}
5: int t() { void ((*volatile p)()); p = (void ((*)()))rb_enc_alias; return 0; }
/* end */

"clang -o conftest -I/Users/abrahamstimson/.rvm/rubies/ruby-1.9.3-p362/include/ruby-1.9.1/x86_64-darwin11.4.2 -I/Users/abrahamstimson/.rvm/rubies/ruby-1.9.3-p362/include/ruby-1.9.1/ruby/backward -I/Users/abrahamstimson/.rvm/rubies/ruby-1.9.3-p362/include/ruby-1.9.1 -I. -D_XOPEN_SOURCE -D_DARWIN_C_SOURCE   -I/Users/abrahamstimson/.rvm/usr/include -I/usr/include  -O3 -ggdb -Wall -Wextra -Wno-unused-parameter -Wno-parentheses -Wno-long-long -Wno-missing-field-initializers -Wpointer-arith -Wwrite-strings -Wdeclaration-after-statement -Wshorten-64-to-32 -Wimplicit-function-declaration  -fno-common -pipe conftest.c  -L. -L/Users/abrahamstimson/.rvm/rubies/ruby-1.9.3-p362/lib -L/Users/abrahamstimson/.rvm/usr/lib -L.  -L/Users/abrahamstimson/.rvm/usr/lib  -L/usr/lib    -lpq  -lruby.1.9.1 -lpq  -lpthread -ldl -lobjc "
conftest.c:5:11: warning: implicit declaration of function 'rb_enc_alias' is invalid in C99 [-Wimplicit-function-declaration]
int t() { rb_enc_alias(); return 0; }
          ^
1 warning generated.
Undefined symbols for architecture x86_64:
  "_rb_enc_alias", referenced from:
      _t in conftest-Ixu3ai.o
ld: symbol(s) not found for architecture x86_64
clang: error: linker command failed with exit code 1 (use -v to see invocation)
checked program was:
/* begin */
1: #include "ruby.h"
2: 
3: /*top*/
4: int main() {return 0;}
5: int t() { rb_enc_alias(); return 0; }
/* end */

--------------------

have_struct_member: checking for struct pgNotify.extra in libpq-fe.h... -------------------- yes

"clang -I/Users/abrahamstimson/.rvm/rubies/ruby-1.9.3-p362/include/ruby-1.9.1/x86_64-darwin11.4.2 -I/Users/abrahamstimson/.rvm/rubies/ruby-1.9.3-p362/include/ruby-1.9.1/ruby/backward -I/Users/abrahamstimson/.rvm/rubies/ruby-1.9.3-p362/include/ruby-1.9.1 -I. -D_XOPEN_SOURCE -D_DARWIN_C_SOURCE   -I/Users/abrahamstimson/.rvm/usr/include -I/usr/include  -O3 -ggdb -Wall -Wextra -Wno-unused-parameter -Wno-parentheses -Wno-long-long -Wno-missing-field-initializers -Wpointer-arith -Wwrite-strings -Wdeclaration-after-statement -Wshorten-64-to-32 -Wimplicit-function-declaration  -fno-common -pipe   -c conftest.c"
checked program was:
/* begin */
1: #include "ruby.h"
2: 
3: #include <libpq-fe.h>
4: 
5: /*top*/
6: int main() {return 0;}
7: int s = (char *)&((struct pgNotify*)0)->extra - (char *)0;
/* end */

--------------------

have_header: checking for unistd.h... -------------------- yes

"clang -E -I/Users/abrahamstimson/.rvm/rubies/ruby-1.9.3-p362/include/ruby-1.9.1/x86_64-darwin11.4.2 -I/Users/abrahamstimson/.rvm/rubies/ruby-1.9.3-p362/include/ruby-1.9.1/ruby/backward -I/Users/abrahamstimson/.rvm/rubies/ruby-1.9.3-p362/include/ruby-1.9.1 -I. -D_XOPEN_SOURCE -D_DARWIN_C_SOURCE   -I/Users/abrahamstimson/.rvm/usr/include -I/usr/include  -O3 -ggdb -Wall -Wextra -Wno-unused-parameter -Wno-parentheses -Wno-long-long -Wno-missing-field-initializers -Wpointer-arith -Wwrite-strings -Wdeclaration-after-statement -Wshorten-64-to-32 -Wimplicit-function-declaration  -fno-common -pipe  conftest.c -o conftest.i"
checked program was:
/* begin */
1: #include "ruby.h"
2: 
3: #include <unistd.h>
/* end */

--------------------

have_header: checking for ruby/st.h... -------------------- yes

"clang -E -I/Users/abrahamstimson/.rvm/rubies/ruby-1.9.3-p362/include/ruby-1.9.1/x86_64-darwin11.4.2 -I/Users/abrahamstimson/.rvm/rubies/ruby-1.9.3-p362/include/ruby-1.9.1/ruby/backward -I/Users/abrahamstimson/.rvm/rubies/ruby-1.9.3-p362/include/ruby-1.9.1 -I. -D_XOPEN_SOURCE -D_DARWIN_C_SOURCE   -I/Users/abrahamstimson/.rvm/usr/include -I/usr/include  -O3 -ggdb -Wall -Wextra -Wno-unused-parameter -Wno-parentheses -Wno-long-long -Wno-missing-field-initializers -Wpointer-arith -Wwrite-strings -Wdeclaration-after-statement -Wshorten-64-to-32 -Wimplicit-function-declaration  -fno-common -pipe  conftest.c -o conftest.i"
checked program was:
/* begin */
1: #include "ruby.h"
2: 
3: #include <ruby/st.h>
/* end */

--------------------

extconf.h is:
/* begin */
 1: #ifndef EXTCONF_H
 2: #define EXTCONF_H
 3: #define HAVE_PQCONNECTIONUSEDPASSWORD 1
 4: #define HAVE_PQISTHREADSAFE 1
 5: #define HAVE_PQPREPARE 1
 6: #define HAVE_PQEXECPARAMS 1
 7: #define HAVE_PQESCAPESTRING 1
 8: #define HAVE_PQESCAPESTRINGCONN 1
 9: #define HAVE_PQGETCANCEL 1
10: #define HAVE_LO_CREATE 1
11: #define HAVE_PG_ENCODING_TO_CHAR 1
12: #define HAVE_PQSETCLIENTENCODING 1
13: #define HAVE_RB_ENCDB_ALIAS 1
14: #define HAVE_STRUCT_PGNOTIFY_EXTRA 1
15: #define HAVE_ST_EXTRA 1
16: #define HAVE_ST_NOTIFY_EXTRA 1
17: #define HAVE_UNISTD_H 1
18: #define HAVE_RUBY_ST_H 1
19: #endif
/* end */

